<?xml version="1.0" encoding="UTF-8"?>
<!-- Generated by org.testng.reporters.JUnitReportReporter -->
<testsuite hostname="LAPTOP-5GHAPU3D" failures="0" tests="2" name="testcases.RunnerClass" time="58.473" errors="0" timestamp="27 Feb 2025 12:15:10 GMT" skipped="0">
  <testcase classname="testcases.RunnerClass" name="runScenario" time="19.054"/>
  <testcase classname="testcases.RunnerClass" name="runScenario" time="39.419"/>
</testsuite> <!-- testcases.RunnerClass -->
