<?xml version="1.0" encoding="UTF-8"?>
<!-- Generated by org.testng.reporters.JUnitReportReporter -->
<testsuite hostname="LAPTOP-5GHAPU3D" failures="0" tests="2" name="testcases.CreateAccountSF" time="94.771" errors="0" timestamp="27 Feb 2025 06:37:11 GMT" skipped="0">
  <testcase classname="testcases.CreateAccountSF" name="createAccount" time="38.323"/>
  <testcase classname="testcases.CreateAccountSF" name="createAccount" time="56.448"/>
</testsuite> <!-- testcases.CreateAccountSF -->
