<?xml version="1.0" encoding="UTF-8"?>
<!-- Generated by org.testng.reporters.JUnitReportReporter -->
<testsuite hostname="LAPTOP-5GHAPU3D" failures="0" tests="1" name="testcases.CreateAccountSF" time="51.009" errors="0" timestamp="25 Feb 2025 17:04:35 GMT" skipped="0">
  <testcase classname="testcases.CreateAccountSF" name="createAccount" time="51.009"/>
</testsuite> <!-- testcases.CreateAccountSF -->
