<?xml version="1.0" encoding="UTF-8"?>
<!-- Generated by org.testng.reporters.JUnitReportReporter -->
<testsuite hostname="LAPTOP-5GHAPU3D" failures="0" tests="1" name="testcases.Login" time="24.572" errors="0" timestamp="27 Feb 2025 06:50:18 GMT" skipped="0">
  <testcase classname="testcases.Login" name="runLogin" time="24.572"/>
</testsuite> <!-- testcases.Login -->
