<?xml version="1.0" encoding="UTF-8"?>
<!-- Generated by org.testng.reporters.JUnitReportReporter -->
<testsuite hostname="LAPTOP-5GHAPU3D" failures="0" tests="2" name="testcases.CreateAccountSF" time="80.734" errors="0" timestamp="27 Feb 2025 06:50:18 GMT" skipped="0">
  <testcase classname="testcases.CreateAccountSF" name="createAccount" time="36.955"/>
  <testcase classname="testcases.CreateAccountSF" name="createAccount" time="43.779"/>
</testsuite> <!-- testcases.CreateAccountSF -->
